app/build/outputs/logs/manifest-merger-debug-report.txt
-- Merging decision tree log ---
manifest
ADDED from src/main/AndroidManifest.xml:2:1-88:12
INJECTED from src/main/AndroidManifest.xml:2:1-88:12
INJECTED from src/main/AndroidManifest.xml:2:1-88:12
INJECTED from src/main/AndroidManifest.xml:2:1-88:12
MERGED from [:dragSortListview] AndroidManifest.xml:2:1-11:12
MERGED from [com.android.support:appcompat-v7:22.2.0] AndroidManifest.xml:17:1-24:12
MERGED from [com.facebook.android:facebook-android-sdk:4.1.2] AndroidManifest.xml:21:1-30:12
MERGED from [com.android.support:support-v4:22.2.0] AndroidManifest.xml:17:1-24:12
MERGED from [com.github.amlcurran.showcaseview:library:5.0.0] AndroidManifest.xml:2:1-11:12
INJECTED from src/main/AndroidManifest.xml:2:1-88:12
INJECTED from src/main/AndroidManifest.xml:2:1-88:12
INJECTED from src/main/AndroidManifest.xml:2:1-88:12
	package
		ADDED from src/main/AndroidManifest.xml:3:5-41
		INJECTED from src/main/AndroidManifest.xml
		INJECTED from src/main/AndroidManifest.xml
	android:versionName
		ADDED from src/main/AndroidManifest.xml:5:5-30
		INJECTED from src/main/AndroidManifest.xml
		INJECTED from src/main/AndroidManifest.xml
	xmlns:android
		ADDED from src/main/AndroidManifest.xml:2:11-69
	android:versionCode
		ADDED from src/main/AndroidManifest.xml:4:5-28
		INJECTED from src/main/AndroidManifest.xml
		INJECTED from src/main/AndroidManifest.xml
uses-sdk
ADDED from src/main/AndroidManifest.xml:7:5-9:41
INJECTED from src/main/AndroidManifest.xml:7:5-9:41
INJECTED from src/main/AndroidManifest.xml:7:5-9:41
MERGED from [:dragSortListview] AndroidManifest.xml:7:5-9:41
MERGED from [:dragSortListview] AndroidManifest.xml:7:5-9:41
MERGED from [com.android.support:appcompat-v7:22.2.0] AndroidManifest.xml:20:5-43
MERGED from [com.android.support:appcompat-v7:22.2.0] AndroidManifest.xml:20:5-43
MERGED from [com.facebook.android:facebook-android-sdk:4.1.2] AndroidManifest.xml:24:5-26:41
MERGED from [com.facebook.android:facebook-android-sdk:4.1.2] AndroidManifest.xml:24:5-26:41
MERGED from [com.android.support:support-v4:22.2.0] AndroidManifest.xml:20:5-43
MERGED from [com.android.support:support-v4:22.2.0] AndroidManifest.xml:20:5-43
MERGED from [com.github.amlcurran.showcaseview:library:5.0.0] AndroidManifest.xml:7:5-9:41
MERGED from [com.github.amlcurran.showcaseview:library:5.0.0] AndroidManifest.xml:7:5-9:41
INJECTED from src/main/AndroidManifest.xml:7:5-9:41
INJECTED from src/main/AndroidManifest.xml:7:5-9:41
	android:targetSdkVersion
		ADDED from src/main/AndroidManifest.xml:9:9-38
		INJECTED from src/main/AndroidManifest.xml
		INJECTED from src/main/AndroidManifest.xml
	android:minSdkVersion
		ADDED from src/main/AndroidManifest.xml:8:9-35
		INJECTED from src/main/AndroidManifest.xml
		INJECTED from src/main/AndroidManifest.xml
uses-permission#android.permission.INTERNET
ADDED from src/main/AndroidManifest.xml:11:5-67
	android:name
		ADDED from src/main/AndroidManifest.xml:11:22-64
uses-permission#android.permission.ACCESS_NETWORK_STATE
ADDED from src/main/AndroidManifest.xml:12:5-79
	android:name
		ADDED from src/main/AndroidManifest.xml:12:22-76
uses-permission#android.permission.READ_CONTACTS
ADDED from src/main/AndroidManifest.xml:13:5-72
	android:name
		ADDED from src/main/AndroidManifest.xml:13:22-69
uses-permission#android.permission.WRITE_EXTERNAL_STORAGE
ADDED from src/main/AndroidManifest.xml:14:5-16:38
	android:maxSdkVersion
		ADDED from src/main/AndroidManifest.xml:16:9-35
	android:name
		ADDED from src/main/AndroidManifest.xml:15:9-65
uses-permission#android.permission.READ_PHONE_STATE
ADDED from src/main/AndroidManifest.xml:17:5-75
	android:name
		ADDED from src/main/AndroidManifest.xml:17:22-72
uses-permission#android.permission.READ_EXTERNAL_STORAGE
ADDED from src/main/AndroidManifest.xml:18:5-20:38
	android:maxSdkVersion
		ADDED from src/main/AndroidManifest.xml:20:9-35
	android:name
		ADDED from src/main/AndroidManifest.xml:19:9-64
uses-permission#android.permission.WAKE_LOCK
ADDED from src/main/AndroidManifest.xml:21:5-68
	android:name
		ADDED from src/main/AndroidManifest.xml:21:22-65
application
ADDED from src/main/AndroidManifest.xml:23:5-86:19
MERGED from [com.android.support:appcompat-v7:22.2.0] AndroidManifest.xml:22:5-20
MERGED from [com.android.support:appcompat-v7:22.2.0] AndroidManifest.xml:22:5-20
MERGED from [com.facebook.android:facebook-android-sdk:4.1.2] AndroidManifest.xml:28:5-20
MERGED from [com.facebook.android:facebook-android-sdk:4.1.2] AndroidManifest.xml:28:5-20
MERGED from [com.android.support:support-v4:22.2.0] AndroidManifest.xml:22:5-20
MERGED from [com.android.support:support-v4:22.2.0] AndroidManifest.xml:22:5-20
	android:label
		ADDED from src/main/AndroidManifest.xml:26:9-41
	android:icon
		ADDED from src/main/AndroidManifest.xml:25:9-42
	android:allowBackup
		ADDED from src/main/AndroidManifest.xml:24:9-35
	android:theme
		ADDED from src/main/AndroidManifest.xml:27:9-40
activity#com.bigdrum.setlistmanager.MainActivity2
ADDED from src/main/AndroidManifest.xml:28:9-36:20
	android:label
		ADDED from src/main/AndroidManifest.xml:30:13-45
	android:name
		ADDED from src/main/AndroidManifest.xml:29:13-42
intent-filter#action:name:android.intent.action.MAIN+category:name:android.intent.category.LAUNCHER
ADDED from src/main/AndroidManifest.xml:31:13-35:29
action#android.intent.action.MAIN
ADDED from src/main/AndroidManifest.xml:32:17-69
	android:name
		ADDED from src/main/AndroidManifest.xml:32:25-66
category#android.intent.category.LAUNCHER
ADDED from src/main/AndroidManifest.xml:34:17-77
	android:name
		ADDED from src/main/AndroidManifest.xml:34:27-74
activity#com.bigdrum.setlistmanager.ListActivity
ADDED from src/main/AndroidManifest.xml:37:9-44:20
	android:parentActivityName
		ADDED from src/main/AndroidManifest.xml:40:13-66
	android:label
		ADDED from src/main/AndroidManifest.xml:39:13-56
	android:name
		ADDED from src/main/AndroidManifest.xml:38:13-41
meta-data#android.support.PARENT_ACTIVITY
ADDED from src/main/AndroidManifest.xml:41:13-43:60
	android:value
		ADDED from src/main/AndroidManifest.xml:43:17-57
	android:name
		ADDED from src/main/AndroidManifest.xml:42:17-63
activity#com.bigdrum.setlistmanager.ui.setlistmanagement.SongListActivity
ADDED from src/main/AndroidManifest.xml:45:9-47:73
	android:label
		ADDED from src/main/AndroidManifest.xml:47:13-61
	android:name
		ADDED from src/main/AndroidManifest.xml:46:13-66
activity#com.bigdrum.setlistmanager.ui.setlistmanagement.SearchActivity
ADDED from src/main/AndroidManifest.xml:48:9-50:70
	android:label
		ADDED from src/main/AndroidManifest.xml:50:13-58
	android:name
		ADDED from src/main/AndroidManifest.xml:49:13-64
activity#com.bigdrum.setlistmanager.ui.setlistmanagement.ViewSetlistActivity
ADDED from src/main/AndroidManifest.xml:51:9-54:69
	android:label
		ADDED from src/main/AndroidManifest.xml:53:13-64
	android:theme
		ADDED from src/main/AndroidManifest.xml:54:13-57
	android:name
		ADDED from src/main/AndroidManifest.xml:52:13-69
activity#com.bigdrum.setlistmanager.ui.setlistmanagement.AddSetlistActivity
ADDED from src/main/AndroidManifest.xml:55:9-57:75
	android:label
		ADDED from src/main/AndroidManifest.xml:57:13-63
	android:name
		ADDED from src/main/AndroidManifest.xml:56:13-68
activity#com.bigdrum.setlistmanager.ui.setlistmanagement.EnterSongDetails
ADDED from src/main/AndroidManifest.xml:58:9-60:82
	android:label
		ADDED from src/main/AndroidManifest.xml:60:13-70
	android:name
		ADDED from src/main/AndroidManifest.xml:59:13-66
activity#com.bigdrum.setlistmanager.ui.setlistmanagement.SelectSetlist
ADDED from src/main/AndroidManifest.xml:61:9-63:78
	android:label
		ADDED from src/main/AndroidManifest.xml:63:13-66
	android:name
		ADDED from src/main/AndroidManifest.xml:62:13-63
activity#com.bigdrum.setlistmanager.venue.AddVenue
ADDED from src/main/AndroidManifest.xml:64:9-66:73
	android:label
		ADDED from src/main/AndroidManifest.xml:66:13-61
	android:name
		ADDED from src/main/AndroidManifest.xml:65:13-43
activity#com.bigdrum.setlistmanager.gig.AddGig
ADDED from src/main/AndroidManifest.xml:67:9-70:66
	android:label
		ADDED from src/main/AndroidManifest.xml:69:13-59
	android:windowSoftInputMode
		ADDED from src/main/AndroidManifest.xml:70:13-54
	android:name
		ADDED from src/main/AndroidManifest.xml:68:13-39
activity#com.bigdrum.setlistmanager.venue.SelectVenue
ADDED from src/main/AndroidManifest.xml:71:9-73:76
	android:label
		ADDED from src/main/AndroidManifest.xml:73:13-64
	android:name
		ADDED from src/main/AndroidManifest.xml:72:13-46
activity#com.bigdrum.setlistmanager.export.SelectRecipients
ADDED from src/main/AndroidManifest.xml:74:9-76:81
	android:label
		ADDED from src/main/AndroidManifest.xml:76:13-69
	android:name
		ADDED from src/main/AndroidManifest.xml:75:13-52
activity#com.bigdrum.setlistmanager.prefs.Prefs
ADDED from src/main/AndroidManifest.xml:77:9-80:72
	android:label
		ADDED from src/main/AndroidManifest.xml:79:13-57
	android:theme
		ADDED from src/main/AndroidManifest.xml:80:13-60
	android:name
		ADDED from src/main/AndroidManifest.xml:78:13-40
activity#com.bigdrum.setlistmanager.backup.BackupActivity
ADDED from src/main/AndroidManifest.xml:81:9-85:63
	android:label
		ADDED from src/main/AndroidManifest.xml:84:13-58
	android:configChanges
		ADDED from src/main/AndroidManifest.xml:83:13-74
	android:theme
		ADDED from src/main/AndroidManifest.xml:85:13-51
	android:name
		ADDED from src/main/AndroidManifest.xml:82:13-50